<?xml version="1.0" encoding="UTF-8" standalone="no"?>
<!DOCTYPE log SYSTEM "logger.dtd">
<log>
<record>
  <date>2020-06-23T16:49:48</date>
  <millis>1592920188201</millis>
  <sequence>0</sequence>
  <level>START</level>
  <class>com.kms.katalon.core.logging.XmlKeywordLogger</class>
  <method>startSuite</method>
  <thread>1</thread>
  <message>Start Test Suite : Test Suites/asdasd</message>
  <nestedLevel>0</nestedLevel>
  <property name="name">asdasd</property>
  <property name="description"></property>
  <property name="id">Test Suites/asdasd</property>
</record>
<record>
  <date>2020-06-23T16:49:48</date>
  <millis>1592920188214</millis>
  <sequence>1</sequence>
  <level>RUN_DATA</level>
  <class>com.kms.katalon.core.logging.XmlKeywordLogger</class>
  <method>logMessage</method>
  <thread>1</thread>
  <message>hostName = talm - host.docker.internal</message>
  <nestedLevel>0</nestedLevel>
  <property name="hostName">talm - host.docker.internal</property>
</record>
<record>
  <date>2020-06-23T16:49:48</date>
  <millis>1592920188215</millis>
  <sequence>2</sequence>
  <level>RUN_DATA</level>
  <class>com.kms.katalon.core.logging.XmlKeywordLogger</class>
  <method>logMessage</method>
  <thread>1</thread>
  <message>os = Windows 10 64bit</message>
  <nestedLevel>0</nestedLevel>
  <property name="os">Windows 10 64bit</property>
</record>
<record>
  <date>2020-06-23T16:49:48</date>
  <millis>1592920188215</millis>
  <sequence>3</sequence>
  <level>RUN_DATA</level>
  <class>com.kms.katalon.core.logging.XmlKeywordLogger</class>
  <method>logMessage</method>
  <thread>1</thread>
  <message>hostAddress = 10.0.16.44</message>
  <nestedLevel>0</nestedLevel>
  <property name="hostAddress">10.0.16.44</property>
</record>
<record>
  <date>2020-06-23T16:49:48</date>
  <millis>1592920188216</millis>
  <sequence>4</sequence>
  <level>RUN_DATA</level>
  <class>com.kms.katalon.core.logging.XmlKeywordLogger</class>
  <method>logMessage</method>
  <thread>1</thread>
  <message>katalonVersion = 7.5.5.1</message>
  <nestedLevel>0</nestedLevel>
  <property name="katalonVersion">7.5.5.1</property>
</record>
<record>
  <date>2020-06-23T16:49:48</date>
  <millis>1592920188378</millis>
  <sequence>5</sequence>
  <level>START</level>
  <class>com.kms.katalon.core.logging.XmlKeywordLogger</class>
  <method>startTest</method>
  <thread>1</thread>
  <message>Start Test Case : Test Cases/testCase</message>
  <nestedLevel>1</nestedLevel>
  <property name="name">Test Cases/testCase</property>
  <property name="description"></property>
  <property name="id">Test Cases/testCase</property>
  <property name="source">C:\\Users\\talm\\git\\KatalonGitTest\\Test Cases\\testCase.tc</property>
  <property name="tag"></property>
  <property name="isOptional">false</property>
</record>
<record>
  <date>2020-06-23T16:49:48</date>
  <millis>1592920188605</millis>
  <sequence>7</sequence>
  <level>START</level>
  <class>com.kms.katalon.core.logging.XmlKeywordLogger</class>
  <method>startKeyword</method>
  <thread>1</thread>
  <message>Start action : return null</message>
  <nestedLevel>1</nestedLevel>
  <property name="startLine">-1</property>
  <property name="stepIndex">1</property>
</record>
<record>
  <date>2020-06-23T16:49:48</date>
  <millis>1592920188606</millis>
  <sequence>8</sequence>
  <level>END</level>
  <class>com.kms.katalon.core.logging.XmlKeywordLogger</class>
  <method>endKeyword</method>
  <thread>1</thread>
  <message>End action : return null</message>
  <nestedLevel>1</nestedLevel>
</record>
<record>
  <date>2020-06-23T16:49:48</date>
  <millis>1592920188607</millis>
  <sequence>9</sequence>
  <level>PASSED</level>
  <class>com.kms.katalon.core.logging.XmlKeywordLogger</class>
  <method>logMessage</method>
  <thread>1</thread>
  <message>Test Cases/testCase</message>
  <nestedLevel>1</nestedLevel>
</record>
<record>
  <date>2020-06-23T16:49:48</date>
  <millis>1592920188607</millis>
  <sequence>10</sequence>
  <level>END</level>
  <class>com.kms.katalon.core.logging.XmlKeywordLogger</class>
  <method>endTest</method>
  <thread>1</thread>
  <message>End Test Case : Test Cases/testCase</message>
  <nestedLevel>0</nestedLevel>
</record>
<record>
  <date>2020-06-23T16:49:48</date>
  <millis>1592920188614</millis>
  <sequence>11</sequence>
  <level>INFO</level>
  <class>com.kms.katalon.core.logging.XmlKeywordLogger</class>
  <method>logMessage</method>
  <thread>1</thread>
  <message>=================== Smart XPath Report =======================</message>
  <nestedLevel>0</nestedLevel>
</record>
<record>
  <date>2020-06-23T16:49:48</date>
  <millis>1592920188614</millis>
  <sequence>12</sequence>
  <level>INFO</level>
  <class>com.kms.katalon.core.logging.XmlKeywordLogger</class>
  <method>logMessage</method>
  <thread>1</thread>
  <message>Refer to the link below to preview and approve auto healing on broken test objects.</message>
  <nestedLevel>0</nestedLevel>
</record>
<record>
  <date>2020-06-23T16:49:48</date>
  <millis>1592920188615</millis>
  <sequence>13</sequence>
  <level>INFO</level>
  <class>com.kms.katalon.core.logging.XmlKeywordLogger</class>
  <method>logMessage</method>
  <thread>1</thread>
  <message>https://docs.katalon.com/katalon-studio/docs/auto-healing-smart-xpath.html</message>
  <nestedLevel>0</nestedLevel>
</record>
<record>
  <date>2020-06-23T16:49:48</date>
  <millis>1592920188615</millis>
  <sequence>14</sequence>
  <level>INFO</level>
  <class>com.kms.katalon.core.logging.XmlKeywordLogger</class>
  <method>logMessage</method>
  <thread>1</thread>
  <message>===============================================================</message>
  <nestedLevel>0</nestedLevel>
</record>
<record>
  <date>2020-06-23T16:49:48</date>
  <millis>1592920188753</millis>
  <sequence>15</sequence>
  <level>END</level>
  <class>com.kms.katalon.core.logging.XmlKeywordLogger</class>
  <method>endSuite</method>
  <thread>1</thread>
  <message>End Test Suite : Test Suites/asdasd</message>
  <nestedLevel>0</nestedLevel>
</record>
</log>
